  Main.cpp
  include_juce_audio_basics.cpp
  include_juce_audio_devices.cpp
  include_juce_audio_formats.cpp
  include_juce_audio_processors.cpp
  include_juce_audio_utils.cpp
  include_juce_core.cpp
  include_juce_cryptography.cpp
  include_juce_data_structures.cpp
  include_juce_dsp.cpp
C:\Users\ignac\Documents\NewProject\Source\MainComponent.h(126,50): warning C4244: 'argumento': conversión de 'double' a 'int'; posible pérdida de datos (compilando archivo de origen ..\..\Source\Main.cpp)
C:\Users\ignac\Documents\NewProject\Source\MainComponent.h(127,15): warning C4244: 'inicializando': conversión de 'double' a 'int'; posible pérdida de datos (compilando archivo de origen ..\..\Source\Main.cpp)
C:\Users\ignac\Documents\NewProject\Source\MainComponent.h(121,19): warning C4189: 'outBuffer': la variable local se ha inicializado pero no se hace referencia a ella (compilando archivo de origen ..\..\Source\Main.cpp)
C:\Users\ignac\Documents\NewProject\Source\MainComponent.h(180,13): warning C4189: 'umbral': la variable local se ha inicializado pero no se hace referencia a ella (compilando archivo de origen ..\..\Source\Main.cpp)
C:\Users\ignac\Documents\NewProject\Source\MainComponent.h(369,19): warning C4189: 'reader': la variable local se ha inicializado pero no se hace referencia a ella (compilando archivo de origen ..\..\Source\Main.cpp)
  include_juce_events.cpp
  include_juce_graphics.cpp
  include_juce_gui_basics.cpp
  include_juce_gui_extra.cpp
  include_juce_opengl.cpp
  NewProject_App.vcxproj -> C:\Users\ignac\Documents\NewProject\Builds\VisualStudio2019\x64\Debug\App\NewProject.exe
