c:\users\ignac\documents\newproject\builds\visualstudio2019\x64\debug\app\include_juce_audio_formats.obj
c:\users\ignac\documents\newproject\builds\visualstudio2019\x64\debug\app\include_juce_audio_devices.obj
c:\users\ignac\documents\newproject\builds\visualstudio2019\x64\debug\app\include_juce_opengl.obj
c:\users\ignac\documents\newproject\builds\visualstudio2019\x64\debug\app\include_juce_audio_utils.obj
c:\users\ignac\documents\newproject\builds\visualstudio2019\x64\debug\app\main.obj
c:\users\ignac\documents\newproject\builds\visualstudio2019\x64\debug\app\include_juce_dsp.obj
c:\users\ignac\documents\newproject\builds\visualstudio2019\x64\debug\app\include_juce_gui_basics.obj
c:\users\ignac\documents\newproject\builds\visualstudio2019\x64\debug\app\include_juce_audio_basics.obj
c:\users\ignac\documents\newproject\builds\visualstudio2019\x64\debug\app\include_juce_graphics.obj
c:\users\ignac\documents\newproject\builds\visualstudio2019\x64\debug\app\include_juce_core.obj
c:\users\ignac\documents\newproject\builds\visualstudio2019\x64\debug\app\include_juce_audio_processors.obj
c:\users\ignac\documents\newproject\builds\visualstudio2019\x64\debug\app\include_juce_cryptography.obj
c:\users\ignac\documents\newproject\builds\visualstudio2019\x64\debug\app\include_juce_data_structures.obj
c:\users\ignac\documents\newproject\builds\visualstudio2019\x64\debug\app\include_juce_events.obj
c:\users\ignac\documents\newproject\builds\visualstudio2019\x64\debug\app\include_juce_gui_extra.obj
c:\users\ignac\documents\newproject\builds\visualstudio2019\x64\debug\app\vc142.pdb
c:\users\ignac\documents\newproject\builds\visualstudio2019\x64\debug\app\newproject.ilk
c:\users\ignac\documents\newproject\builds\visualstudio2019\x64\debug\app\newproject.exe
c:\users\ignac\documents\newproject\builds\visualstudio2019\x64\debug\app\newproject.pdb
c:\users\ignac\documents\newproject\builds\visualstudio2019\x64\debug\app\resources.res
c:\users\ignac\documents\newproject\builds\visualstudio2019\x64\debug\app\newproject_app.tlog\cl.12876.write.1.tlog
c:\users\ignac\documents\newproject\builds\visualstudio2019\x64\debug\app\newproject_app.tlog\cl.command.1.tlog
c:\users\ignac\documents\newproject\builds\visualstudio2019\x64\debug\app\newproject_app.tlog\cl.read.1.tlog
c:\users\ignac\documents\newproject\builds\visualstudio2019\x64\debug\app\newproject_app.tlog\link.command.1.tlog
c:\users\ignac\documents\newproject\builds\visualstudio2019\x64\debug\app\newproject_app.tlog\link.read.1.tlog
c:\users\ignac\documents\newproject\builds\visualstudio2019\x64\debug\app\newproject_app.tlog\link.write.1.tlog
c:\users\ignac\documents\newproject\builds\visualstudio2019\x64\debug\app\newproject_app.tlog\rc.command.1.tlog
c:\users\ignac\documents\newproject\builds\visualstudio2019\x64\debug\app\newproject_app.tlog\rc.read.1.tlog
c:\users\ignac\documents\newproject\builds\visualstudio2019\x64\debug\app\newproject_app.tlog\rc.write.1.tlog
